app/build/outputs/logs/manifest-merger-debug-report.txt
-- Merging decision tree log ---
manifest
ADDED from src/main/AndroidManifest.xml:17:1-42:12
	package
		ADDED from src/main/AndroidManifest.xml:19:5-41
		INJECTED from src/main/AndroidManifest.xml
		INJECTED from src/main/AndroidManifest.xml
	android:versionName
		ADDED from src/main/AndroidManifest.xml:21:5-30
	android:versionCode
		ADDED from src/main/AndroidManifest.xml:20:5-28
		INJECTED from src/main/AndroidManifest.xml
		INJECTED from src/main/AndroidManifest.xml
	xmlns:android
		ADDED from src/main/AndroidManifest.xml:18:5-63
uses-feature#0x00020000
ADDED from src/main/AndroidManifest.xml:26:5-78
	android:glEsVersion
		ADDED from src/main/AndroidManifest.xml:26:19-51
	android:required
		ADDED from src/main/AndroidManifest.xml:26:52-75
application
ADDED from src/main/AndroidManifest.xml:28:5-40:19
	android:label
		ADDED from src/main/AndroidManifest.xml:30:13-45
	android:allowBackup
		ADDED from src/main/AndroidManifest.xml:31:13-39
	android:icon
		ADDED from src/main/AndroidManifest.xml:29:13-49
activity#com.example.android.opengl.OpenGLES20Activity
ADDED from src/main/AndroidManifest.xml:32:9-39:20
	android:label
		ADDED from src/main/AndroidManifest.xml:34:17-49
	android:name
		ADDED from src/main/AndroidManifest.xml:33:17-77
intent-filter#android.intent.action.MAIN+android.intent.category.LAUNCHER
ADDED from src/main/AndroidManifest.xml:35:13-38:29
action#android.intent.action.MAIN
ADDED from src/main/AndroidManifest.xml:36:17-69
	android:name
		ADDED from src/main/AndroidManifest.xml:36:25-66
category#android.intent.category.LAUNCHER
ADDED from src/main/AndroidManifest.xml:37:17-77
	android:name
		ADDED from src/main/AndroidManifest.xml:37:27-74
uses-sdk
INJECTED from src/main/AndroidManifest.xml reason: use-sdk injection requested
	android:targetSdkVersion
		INJECTED from src/main/AndroidManifest.xml
		INJECTED from src/main/AndroidManifest.xml
	android:minSdkVersion
		INJECTED from src/main/AndroidManifest.xml
		INJECTED from src/main/AndroidManifest.xml